<?xml version="1.0" encoding="UTF-8"?>
<!-- Generated by org.testng.reporters.JUnitXMLReporter -->
<testsuite ignored="0" hostname="INBOOK_X2_PLUS" failures="0" tests="7" name="Default test" time="8.453" errors="0" timestamp="2024-07-02T12:28:55 IST">
  <testcase classname="restAssuredTestScripts.CryptoWallet" name="toCalculateTransaction_fee" time="3.844"/>
  <testcase classname="restAssuredTestScripts.CryptoWallet" name="toListAllTransactions" time="0.788"/>
  <testcase classname="restAssuredTestScripts.CryptoWallet" name="toListAvailableExchange_rates" time="0.758"/>
  <testcase classname="restAssuredTestScripts.CryptoWallet" name="toLoginUser" time="0.752"/>
  <testcase classname="restAssuredTestScripts.CryptoWallet" name="toRegisterUser" time="0.736"/>
  <testcase classname="restAssuredTestScripts.CryptoWallet" name="toRetrieveBalance" time="0.755"/>
  <testcase classname="restAssuredTestScripts.CryptoWallet" name="toTransferToTranspient" time="0.737"/>
</testsuite> <!-- Default test -->
